<?xml version="1.0" encoding="UTF-8"?>
<!-- Generated by org.testng.reporters.JUnitReportReporter -->
<testsuite hostname="DESKTOP-L40IQUG" failures="0" tests="1" name="newPackage.TestClass" time="39.528" errors="0" timestamp="2021-01-16T10:27:19 IST" skipped="0">
  <testcase classname="newPackage.TestClass" name="eggtimer" time="39.528"/>
  <system-out/>
</testsuite> <!-- newPackage.TestClass -->
