<?xml version="1.0" encoding="UTF-8"?>
<!-- Generated by org.testng.reporters.JUnitReportReporter -->
<testsuite hostname="DESKTOP-L40IQUG" failures="0" tests="1" name="BlazeDemo.TestClass" time="14.148" errors="0" timestamp="2021-01-16T06:13:57 IST" skipped="0">
  <testcase classname="BlazeDemo.TestClass" name="blazedemotest" time="14.148"/>
  <system-out/>
</testsuite> <!-- BlazeDemo.TestClass -->
