<?xml version="1.0" encoding="UTF-8"?>
<!-- Generated by org.testng.reporters.JUnitReportReporter -->
<testsuite hostname="DESKTOP-L40IQUG" failures="0" tests="1" name="BlazeDemo.WebElementClass" time="13.621" errors="0" timestamp="2021-01-16T04:47:19 IST" skipped="0">
  <testcase classname="BlazeDemo.WebElementClass" name="blazedemotest" time="13.621"/>
  <system-out/>
</testsuite> <!-- BlazeDemo.WebElementClass -->
